study index0
Site ID   Ant. Elev. AMSL (m )  Frequency (MHz)  ERPi(dbW) Orient./Pol.  Group  Coordinates
--------  --------------------  ---------------  ----------  ------------  -----  ---------------------------
ABAA0001                 117.7        960.00000       23.00    Use file-vertical      1  N44Ḟ19'42.22" W123Ḟ11'38.04"
ABAB0001                 341.2        960.00000       23.00    Use file-vertical      1  N44Ḟ23'34.46" W122Ḟ36'02.42"
ABAD0001                 150.2        960.00000       23.00    Use file-vertical      1  N44Ḟ34'57.97" W122Ḟ50'25.96"
ABAD0002                 155.2        960.00000       22.50    Use file-vertical      1  N44Ḟ34'57.97" W122Ḟ50'25.96"
ABAE0001                 334.0        960.00000       23.00    Use file-vertical      1  N44Ḟ31'37.57" W122Ḟ46'11.01"
ABAE0002                 339.0        960.00000       22.50    Use file-vertical      1  N44Ḟ31'37.57" W122Ḟ46'11.01"
ABAF0001                 413.6        960.00000       23.50    Use file-vertical      1  N44Ḟ27'20.30" W122Ḟ50'26.33"
ABAF0002                 413.6        960.00000       23.50    Use file-vertical      1  N44Ḟ27'20.30" W122Ḟ50'26.33"
ABAH0001                 671.7        960.00000       23.50    Use file-vertical      1  N44Ḟ23'55.65" W122Ḟ51'48.77"
ABAH0002                 671.7        960.00000       23.50    Use file-vertical      1  N44Ḟ23'55.65" W122Ḟ51'48.77"
ABAI0001                 155.1        960.00000       23.00    Use file-vertical      1  N44Ḟ43'15.07" W122Ḟ52'12.72"
ABAI0002                 160.1        960.00000       22.50    Use file-vertical      1  N44Ḟ43'15.07" W122Ḟ52'12.72"
ABAK0001                 106.5        960.00000       23.00    Use file-vertical      1  N44Ḟ27'04.12" W123Ḟ11'31.33"
ABAK0002                 111.5        960.00000       22.50    Use file-vertical      1  N44Ḟ27'04.12" W123Ḟ11'31.33"
ABAL0001                 311.9        960.00000       23.00    Use file-vertical      1  N44Ḟ30'55.71" W122Ḟ57'55.50"
ABAM0001                 426.2        960.00000       23.00    Use file-vertical      1  N44Ḟ36'37.62" W122Ḟ42'59.30"
ABAM0002                 431.2        960.00000       22.50    Use file-vertical      1  N44Ḟ36'37.62" W122Ḟ42'59.30"
ABAO0001                 168.5        960.00000       23.50    Use file-vertical      1  N44Ḟ25'03.24" W123Ḟ01'02.10"
ABAP0001                 116.7        960.00000       22.00    Use file-vertical      1  N44Ḟ32'55.88" W123Ḟ10'34.31"
ABAP0002                 111.7        960.00000       22.50    Use file-vertical      1  N44Ḟ32'55.88" W123Ḟ10'34.31"
ABAP0003                 111.7        960.00000       22.50    Use file-vertical      1  N44Ḟ32'55.88" W123Ḟ10'34.31"
ABAR0001                 728.3        960.00000       23.00    Use file-vertical      1  N44Ḟ19'57.19" W122Ḟ35'31.92"
ABAY0001                 103.1        960.00000       23.00    Use file-vertical      1  N44Ḟ37'20.03" W123Ḟ03'31.05"
ABAY0002                 103.1        960.00000       23.00    Use file-vertical      1  N44Ḟ37'20.03" W123Ḟ03'31.05"
ABBA0001                 159.9        960.00000       30.00    Use file-vertical      1  N44Ḟ46'00.32" W123Ḟ11'32.65"
ABBA0002                 149.9        960.00000       31.00    Use file-vertical      1  N44Ḟ46'00.32" W123Ḟ11'32.65"
ABBB0002                 134.9        960.00000       23.00    Use file-vertical      1  N44Ḟ32'16.09" W122Ḟ55'16.64"
ABBD0001                 294.8        960.00000       23.00    Use file-vertical      1  N44Ḟ23'10.11" W122Ḟ44'20.94"
ABBD0002                 299.8        960.00000       22.50    Use file-vertical      1  N44Ḟ23'10.11" W122Ḟ44'20.94"
ABBE0001                 498.1        960.00000       18.00    Use file-vertical      1  N44Ḟ19'52.66" W122Ḟ57'12.24"
ABBG0002                 826.3        960.00000       22.50    Use file-vertical      1  N44Ḟ33'49.48" W122Ḟ38'34.59"
ABBI0001                 384.9        960.00000       18.00    Use file-vertical      1  N44Ḟ20'15.13" W122Ḟ48'54.25"
ABBL0001                 946.8        960.00000       23.00    Use file-vertical      1  N44Ḟ39'23.25" W122Ḟ37'19.15"
ABAC0001                 162.3        960.00000       18.00    Use file-vertical      1  N44Ḟ43'19.84" W122Ḟ59'07.32"
ABAC0002                 162.3        960.00000       18.00    Use file-vertical      1  N44Ḟ43'19.84" W122Ḟ59'07.32"
ABAG0003                 799.5        960.00000       24.00    Use file-vertical      1  N44Ḟ44'15.77" W122Ḟ35'33.55"
ABAJ0001                 189.8        960.00000       23.00    Use file-vertical      1  N44Ḟ40'18.17" W123Ḟ08'18.84"
ABAJ0002                 189.8        960.00000       23.00    Use file-vertical      1  N44Ḟ40'18.17" W123Ḟ08'18.84"
ABAN0001                  97.0        960.00000       23.00    Use file-horizontal      1  N44Ḟ37'10.69" W123Ḟ07'55.29"
ABAN0002                  97.0        960.00000       23.00    Use file-vertical      1  N44Ḟ37'10.69" W123Ḟ07'55.29"
ABAT0001                 109.6        960.00000       23.50    Use file-vertical      1  N44Ḟ22'37.90" W123Ḟ07'55.68"
ABAT0002                 109.6        960.00000       23.50    Use file-vertical      1  N44Ḟ22'37.90" W123Ḟ07'55.68"
